{
  "stats": {
    "suites": 1,
    "tests": 2,
    "passes": 2,
    "pending": 0,
    "failures": 0,
    "start": "2025-08-15T21:08:40.780Z",
    "end": "2025-08-15T21:08:54.937Z",
    "duration": 14157,
    "testsRegistered": 2,
    "passPercent": 100,
    "pendingPercent": 0,
    "other": 0,
    "hasOther": false,
    "skipped": 0,
    "hasSkipped": false
  },
  "results": [
    {
      "uuid": "07bc4b5a-11c9-4a6d-a451-f4ce943636d7",
      "title": "",
      "fullFile": "cypress\\e2e\\component\\Alert.cy.js",
      "file": "cypress\\e2e\\component\\Alert.cy.js",
      "beforeHooks": [],
      "afterHooks": [],
      "tests": [],
      "suites": [
        {
          "uuid": "a4704c05-bcb6-4994-ade1-b3ce3b251fcd",
          "title": "DemoQA Alerts handling",
          "fullFile": "",
          "file": "",
          "beforeHooks": [],
          "afterHooks": [],
          "tests": [
            {
              "title": "waits for alert and asserts its text",
              "fullTitle": "DemoQA Alerts handling waits for alert and asserts its text",
              "timedOut": null,
              "duration": 9877,
              "state": "passed",
              "speed": "medium",
              "pass": true,
              "fail": false,
              "pending": false,
              "context": null,
              "code": "// Listen for window:alert\ncy.window().then(win => {\n  cy.stub(win, 'alert').as('alertStub');\n});\n// Click button to trigger alert after 5 seconds\ncy.get('#timerAlertButton').click();\n// Wait for 6 seconds to ensure alert is triggered\ncy.wait(6000);\n// Assert alert was called with expected text\ncy.get('@alertStub').should('have.been.calledOnceWith', 'This alert appeared after 5 seconds');",
              "err": {},
              "uuid": "ed23178c-e30d-46cd-8f24-e5d4b1f98a53",
              "parentUUID": "a4704c05-bcb6-4994-ade1-b3ce3b251fcd",
              "isHook": false,
              "skipped": false
            },
            {
              "title": "handles immediate alert",
              "fullTitle": "DemoQA Alerts handling handles immediate alert",
              "timedOut": null,
              "duration": 1354,
              "state": "passed",
              "speed": "fast",
              "pass": true,
              "fail": false,
              "pending": false,
              "context": null,
              "code": "cy.window().then(win => {\n  cy.stub(win, 'alert').as('alertStub');\n});\ncy.get('#alertButton').click();\ncy.get('@alertStub').should('have.been.calledOnceWith', 'You clicked a button');",
              "err": {},
              "uuid": "b4d14493-9bb0-4f18-a98e-3aa420bd65b4",
              "parentUUID": "a4704c05-bcb6-4994-ade1-b3ce3b251fcd",
              "isHook": false,
              "skipped": false
            }
          ],
          "suites": [],
          "passes": [
            "ed23178c-e30d-46cd-8f24-e5d4b1f98a53",
            "b4d14493-9bb0-4f18-a98e-3aa420bd65b4"
          ],
          "failures": [],
          "pending": [],
          "skipped": [],
          "duration": 11231,
          "root": false,
          "rootEmpty": false,
          "_timeout": 2000
        }
      ],
      "passes": [],
      "failures": [],
      "pending": [],
      "skipped": [],
      "duration": 0,
      "root": true,
      "rootEmpty": true,
      "_timeout": 2000
    }
  ],
  "meta": {
    "mocha": {
      "version": "7.2.0"
    },
    "mochawesome": {
      "options": {
        "quiet": false,
        "reportFilename": "mochawesome",
        "saveHtml": true,
        "saveJson": true,
        "consoleReporter": "spec",
        "useInlineDiffs": false,
        "code": true
      },
      "version": "7.1.3"
    },
    "marge": {
      "options": {
        "reportDir": "cypress/reports overwrite=true html=true json=true",
        "overwrite": false,
        "html": true,
        "json": true,
        "embeddedScreenshots": true
      },
      "version": "6.2.0"
    }
  }
}