{
  "stats": {
    "suites": 1,
    "tests": 4,
    "passes": 2,
    "pending": 0,
    "failures": 2,
    "start": "2025-08-15T10:44:11.578Z",
    "end": "2025-08-15T10:44:39.665Z",
    "duration": 28087,
    "testsRegistered": 4,
    "passPercent": 50,
    "pendingPercent": 0,
    "other": 0,
    "hasOther": false,
    "skipped": 0,
    "hasSkipped": false
  },
  "results": [
    {
      "uuid": "8b2f69ab-5c36-448c-83e8-409ab9848917",
      "title": "",
      "fullFile": "cypress\\e2e\\component\\Tables_SearchandFilter.cy.js",
      "file": "cypress\\e2e\\component\\Tables_SearchandFilter.cy.js",
      "beforeHooks": [],
      "afterHooks": [],
      "tests": [],
      "suites": [
        {
          "uuid": "0ea7a0db-65a0-4a65-91b9-c19a4a3a5d32",
          "title": "DemoQA Web Tables - Search & Filter",
          "fullFile": "",
          "file": "",
          "beforeHooks": [],
          "afterHooks": [],
          "tests": [
            {
              "title": "filters records by first name",
              "fullTitle": "DemoQA Web Tables - Search & Filter filters records by first name",
              "timedOut": null,
              "duration": 16404,
              "state": "failed",
              "speed": null,
              "pass": false,
              "fail": true,
              "pending": false,
              "context": null,
              "code": "cy.get('#searchBox').clear().type('Cierra');\n// Verify only rows containing 'Cierra' are shown\ncy.get('.rt-tbody .rt-tr-group').each($row => {\n  cy.wrap($row).should('contain.text', 'Cierra');\n});\n// Row count should be at least 1\ncy.get('.rt-tbody .rt-tr-group').should('have.length.at.least', 1);",
              "err": {
                "message": "AssertionError: Timed out retrying after 4000ms: expected '<div.rt-tr-group>' to contain text 'Cierra', but the text was '       '",
                "estack": "AssertionError: Timed out retrying after 4000ms: expected '<div.rt-tr-group>' to contain text 'Cierra', but the text was '       '\n    at Context.eval (webpack://cypress_ui_automation/./cypress/e2e/component/Tables_SearchandFilter.cy.js:26:20)\n    at Context.callback (https://demoqa.com/__cypress/runner/cypress_runner.js:121184:26)\n    at getRet (https://demoqa.com/__cypress/runner/cypress_runner.js:120949:20)\n    at tryCatcher (https://demoqa.com/__cypress/runner/cypress_runner.js:1777:23)\n    at Promise.attempt.Promise.try (https://demoqa.com/__cypress/runner/cypress_runner.js:4285:29)\n    at thenFn (https://demoqa.com/__cypress/runner/cypress_runner.js:120960:66)\n    at yieldItem (https://demoqa.com/__cypress/runner/cypress_runner.js:121192:16)\n    at tryCatcher (https://demoqa.com/__cypress/runner/cypress_runner.js:1777:23)\n    at Object.gotValue (https://demoqa.com/__cypress/runner/cypress_runner.js:6446:18)",
                "diff": "- '       '\n+ 'Cierra'\n"
              },
              "uuid": "66a37b79-100e-4d9f-9c7b-6edade6ec69c",
              "parentUUID": "0ea7a0db-65a0-4a65-91b9-c19a4a3a5d32",
              "isHook": false,
              "skipped": false
            },
            {
              "title": "filters records by email",
              "fullTitle": "DemoQA Web Tables - Search & Filter filters records by email",
              "timedOut": null,
              "duration": 5567,
              "state": "failed",
              "speed": null,
              "pass": false,
              "fail": true,
              "pending": false,
              "context": null,
              "code": "cy.get('#searchBox').clear().type('kierra@example.com');\ncy.get('.rt-tbody .rt-tr-group').should('have.length', 1).and('contain.text', 'Kierra');",
              "err": {
                "message": "AssertionError: Timed out retrying after 4000ms: Too many elements found. Found '10', expected '1'.",
                "estack": "AssertionError: Timed out retrying after 4000ms: Too many elements found. Found '10', expected '1'.\n    at Context.eval (webpack://cypress_ui_automation/./cypress/e2e/component/Tables_SearchandFilter.cy.js:36:37)",
                "diff": "- 10\n+ 1\n"
              },
              "uuid": "b9147e16-de94-4f7b-86ad-3557e2b6416c",
              "parentUUID": "0ea7a0db-65a0-4a65-91b9-c19a4a3a5d32",
              "isHook": false,
              "skipped": false
            },
            {
              "title": "returns no results for invalid search",
              "fullTitle": "DemoQA Web Tables - Search & Filter returns no results for invalid search",
              "timedOut": null,
              "duration": 1698,
              "state": "passed",
              "speed": "fast",
              "pass": true,
              "fail": false,
              "pending": false,
              "context": null,
              "code": "cy.get('#searchBox').clear().type('NotAUser123');\n// Check \"No rows found\" placeholder\ncy.get('.rt-noData').should('contain.text', 'No rows found');",
              "err": {},
              "uuid": "bf68084c-4fce-4fec-b7a7-b1d3b727cd81",
              "parentUUID": "0ea7a0db-65a0-4a65-91b9-c19a4a3a5d32",
              "isHook": false,
              "skipped": false
            },
            {
              "title": "resets filter when search is cleared",
              "fullTitle": "DemoQA Web Tables - Search & Filter resets filter when search is cleared",
              "timedOut": null,
              "duration": 1182,
              "state": "passed",
              "speed": "fast",
              "pass": true,
              "fail": false,
              "pending": false,
              "context": null,
              "code": "// First search\ncy.get('#searchBox').clear().type('Alden');\ncy.get('.rt-tbody .rt-tr-group').should('have.length.at.least', 1);\n// Clear search\ncy.get('#searchBox').clear();\ncy.get('.rt-tbody .rt-tr-group').should('have.length.greaterThan', 1);",
              "err": {},
              "uuid": "f7c9ce5c-ca14-480c-a396-703cab492faf",
              "parentUUID": "0ea7a0db-65a0-4a65-91b9-c19a4a3a5d32",
              "isHook": false,
              "skipped": false
            }
          ],
          "suites": [],
          "passes": [
            "bf68084c-4fce-4fec-b7a7-b1d3b727cd81",
            "f7c9ce5c-ca14-480c-a396-703cab492faf"
          ],
          "failures": [
            "66a37b79-100e-4d9f-9c7b-6edade6ec69c",
            "b9147e16-de94-4f7b-86ad-3557e2b6416c"
          ],
          "pending": [],
          "skipped": [],
          "duration": 24851,
          "root": false,
          "rootEmpty": false,
          "_timeout": 2000
        }
      ],
      "passes": [],
      "failures": [],
      "pending": [],
      "skipped": [],
      "duration": 0,
      "root": true,
      "rootEmpty": true,
      "_timeout": 2000
    }
  ],
  "meta": {
    "mocha": {
      "version": "7.2.0"
    },
    "mochawesome": {
      "options": {
        "quiet": false,
        "reportFilename": "mochawesome",
        "saveHtml": true,
        "saveJson": true,
        "consoleReporter": "spec",
        "useInlineDiffs": false,
        "code": true
      },
      "version": "7.1.3"
    },
    "marge": {
      "options": {
        "reportDir": "cypress/reports",
        "overwrite": false,
        "html": true,
        "json": true,
        "embeddedScreenshots": true
      },
      "version": "6.2.0"
    }
  }
}