{
  "stats": {
    "suites": 1,
    "tests": 3,
    "passes": 3,
    "pending": 0,
    "failures": 0,
    "start": "2025-08-15T10:41:25.800Z",
    "end": "2025-08-15T10:41:34.403Z",
    "duration": 8603,
    "testsRegistered": 3,
    "passPercent": 100,
    "pendingPercent": 0,
    "other": 0,
    "hasOther": false,
    "skipped": 0,
    "hasSkipped": false
  },
  "results": [
    {
      "uuid": "1574e55b-be10-4841-8113-baf3735bf1c6",
      "title": "",
      "fullFile": "cypress\\e2e\\component\\Browser.cy.js",
      "file": "cypress\\e2e\\component\\Browser.cy.js",
      "beforeHooks": [],
      "afterHooks": [],
      "tests": [],
      "suites": [
        {
          "uuid": "da666869-543e-485f-bcbd-d21575dd816c",
          "title": "Browser Windows Page",
          "fullFile": "",
          "file": "",
          "beforeHooks": [],
          "afterHooks": [],
          "tests": [
            {
              "title": "Test New Tab",
              "fullTitle": "Browser Windows Page Test New Tab",
              "timedOut": null,
              "duration": 3659,
              "state": "passed",
              "speed": "fast",
              "pass": true,
              "fail": false,
              "pending": false,
              "context": null,
              "code": "let newTabUrl = '';\ncy.window().then(win => {\n  cy.stub(win, 'open').callsFake(url => {\n    newTabUrl = url;\n  });\n});\ncy.get('#tabButton').click();\ncy.then(() => {\n  const finalUrl = newTabUrl.startsWith('http') ? newTabUrl : `https://demoqa.com${newTabUrl}`;\n  cy.visit(finalUrl);\n  cy.contains('This is a sample page').should('be.visible');\n});",
              "err": {},
              "uuid": "8f5fdc54-f2f6-4504-8d3c-1aa6db721ed9",
              "parentUUID": "da666869-543e-485f-bcbd-d21575dd816c",
              "isHook": false,
              "skipped": false
            },
            {
              "title": "Test New Window",
              "fullTitle": "Browser Windows Page Test New Window",
              "timedOut": null,
              "duration": 1019,
              "state": "passed",
              "speed": "fast",
              "pass": true,
              "fail": false,
              "pending": false,
              "context": null,
              "code": "let newWindowUrl = '';\ncy.window().then(win => {\n  cy.stub(win, 'open').callsFake(url => {\n    newWindowUrl = url;\n  });\n});\ncy.get('#windowButton').click();\ncy.then(() => {\n  const finalUrl = newWindowUrl.startsWith('http') ? newWindowUrl : `https://demoqa.com${newWindowUrl}`;\n  cy.visit(finalUrl);\n  cy.contains('This is a sample page').should('be.visible');\n});",
              "err": {},
              "uuid": "6fdeedab-ae86-4215-bc46-eae8d508130c",
              "parentUUID": "da666869-543e-485f-bcbd-d21575dd816c",
              "isHook": false,
              "skipped": false
            },
            {
              "title": "Test New Window Message",
              "fullTitle": "Browser Windows Page Test New Window Message",
              "timedOut": null,
              "duration": 952,
              "state": "passed",
              "speed": "fast",
              "pass": true,
              "fail": false,
              "pending": false,
              "context": null,
              "code": "let writtenContent = '';\ncy.window().then(win => {\n  const fakeWindow = {\n    document: {\n      write: html => {\n        writtenContent = html;\n      }\n    }\n  };\n  cy.stub(win, 'open').callsFake(() => fakeWindow).as('openWindow');\n});\ncy.get('#messageWindowButton').click();\ncy.get('@openWindow').should('have.been.calledOnce');\ncy.then(() => {\n  expect(writtenContent).to.include('Knowledge increases by sharing');\n});",
              "err": {},
              "uuid": "456c7e70-b6fc-4544-a1d1-f357faf9dd45",
              "parentUUID": "da666869-543e-485f-bcbd-d21575dd816c",
              "isHook": false,
              "skipped": false
            }
          ],
          "suites": [],
          "passes": [
            "8f5fdc54-f2f6-4504-8d3c-1aa6db721ed9",
            "6fdeedab-ae86-4215-bc46-eae8d508130c",
            "456c7e70-b6fc-4544-a1d1-f357faf9dd45"
          ],
          "failures": [],
          "pending": [],
          "skipped": [],
          "duration": 5630,
          "root": false,
          "rootEmpty": false,
          "_timeout": 2000
        }
      ],
      "passes": [],
      "failures": [],
      "pending": [],
      "skipped": [],
      "duration": 0,
      "root": true,
      "rootEmpty": true,
      "_timeout": 2000
    }
  ],
  "meta": {
    "mocha": {
      "version": "7.2.0"
    },
    "mochawesome": {
      "options": {
        "quiet": false,
        "reportFilename": "mochawesome",
        "saveHtml": true,
        "saveJson": true,
        "consoleReporter": "spec",
        "useInlineDiffs": false,
        "code": true
      },
      "version": "7.1.3"
    },
    "marge": {
      "options": {
        "reportDir": "cypress/reports",
        "overwrite": false,
        "html": true,
        "json": true,
        "embeddedScreenshots": true
      },
      "version": "6.2.0"
    }
  }
}