{
  "stats": {
    "suites": 1,
    "tests": 1,
    "passes": 1,
    "pending": 0,
    "failures": 0,
    "start": "2025-08-15T10:43:34.124Z",
    "end": "2025-08-15T10:43:50.912Z",
    "duration": 16788,
    "testsRegistered": 1,
    "passPercent": 100,
    "pendingPercent": 0,
    "other": 0,
    "hasOther": false,
    "skipped": 0,
    "hasSkipped": false
  },
  "results": [
    {
      "uuid": "c51d6812-1491-4edb-8e5d-c520916bacdd",
      "title": "",
      "fullFile": "cypress\\e2e\\component\\Tables.cy.js",
      "file": "cypress\\e2e\\component\\Tables.cy.js",
      "beforeHooks": [],
      "afterHooks": [],
      "tests": [],
      "suites": [
        {
          "uuid": "57c822d3-c293-4627-9e27-ce86e247db3d",
          "title": "DemoQA Web Tables - CRUD & DOM Traversal",
          "fullFile": "",
          "file": "",
          "beforeHooks": [],
          "afterHooks": [],
          "tests": [
            {
              "title": "adds then deletes and confirms absence",
              "fullTitle": "DemoQA Web Tables - CRUD & DOM Traversal adds then deletes and confirms absence",
              "timedOut": null,
              "duration": 14273,
              "state": "passed",
              "speed": "slow",
              "pass": true,
              "fail": false,
              "pending": false,
              "context": null,
              "code": "const user = {\n  firstName: 'Test',\n  lastName: 'User',\n  email: 'testuser@gmail.com',\n  age: 30,\n  salary: 40000,\n  department: 'QA'\n};\nopenModal();\nfillForm(user);\ncy.contains('div.rt-tr-group', user.email).within(() => cy.get('[title=\"Delete\"]').click());\ncy.contains('div.rt-tr-group', user.email).should('not.exist');",
              "err": {},
              "uuid": "943b6508-6a02-490a-9057-eb8e35cbed34",
              "parentUUID": "57c822d3-c293-4627-9e27-ce86e247db3d",
              "isHook": false,
              "skipped": false
            }
          ],
          "suites": [],
          "passes": [
            "943b6508-6a02-490a-9057-eb8e35cbed34"
          ],
          "failures": [],
          "pending": [],
          "skipped": [],
          "duration": 14273,
          "root": false,
          "rootEmpty": false,
          "_timeout": 2000
        }
      ],
      "passes": [],
      "failures": [],
      "pending": [],
      "skipped": [],
      "duration": 0,
      "root": true,
      "rootEmpty": true,
      "_timeout": 2000
    }
  ],
  "meta": {
    "mocha": {
      "version": "7.2.0"
    },
    "mochawesome": {
      "options": {
        "quiet": false,
        "reportFilename": "mochawesome",
        "saveHtml": true,
        "saveJson": true,
        "consoleReporter": "spec",
        "useInlineDiffs": false,
        "code": true
      },
      "version": "7.1.3"
    },
    "marge": {
      "options": {
        "reportDir": "cypress/reports",
        "overwrite": false,
        "html": true,
        "json": true,
        "embeddedScreenshots": true
      },
      "version": "6.2.0"
    }
  }
}