{
  "stats": {
    "suites": 1,
    "tests": 2,
    "passes": 2,
    "pending": 0,
    "failures": 0,
    "start": "2025-08-16T17:26:17.181Z",
    "end": "2025-08-16T17:26:35.343Z",
    "duration": 18162,
    "testsRegistered": 2,
    "passPercent": 100,
    "pendingPercent": 0,
    "other": 0,
    "hasOther": false,
    "skipped": 0,
    "hasSkipped": false
  },
  "results": [
    {
      "uuid": "03759e1f-2b8b-463c-b3f4-5dfd21fbd8f2",
      "title": "",
      "fullFile": "cypress\\e2e\\component\\Login.cy.js",
      "file": "cypress\\e2e\\component\\Login.cy.js",
      "beforeHooks": [],
      "afterHooks": [],
      "tests": [],
      "suites": [
        {
          "uuid": "96694976-2080-4773-b7cd-d1e4d6c6918e",
          "title": "Login",
          "fullFile": "",
          "file": "",
          "beforeHooks": [],
          "afterHooks": [],
          "tests": [
            {
              "title": "Login with valid credentials",
              "fullTitle": "Login Login with valid credentials",
              "timedOut": null,
              "duration": 10840,
              "state": "passed",
              "speed": "slow",
              "pass": true,
              "fail": false,
              "pending": false,
              "context": null,
              "code": "//first page\nlogin.visit();\nlogin.enterEmail('muhammadanish201111@gmail.com');\nlogin.enterPassword('12345678');\nlogin.clickLogin();\n//second page\n// signupdetails.verifyHeader('Enter Account Information');//assertion\nlogin.verifyHeader('AutomationExercise');\nlogin.verifyLogoutLink('Logout');",
              "err": {},
              "uuid": "df132ce4-2549-43e9-8dff-c11df60cfa7d",
              "parentUUID": "96694976-2080-4773-b7cd-d1e4d6c6918e",
              "isHook": false,
              "skipped": false
            },
            {
              "title": "Login with invalid credentials",
              "fullTitle": "Login Login with invalid credentials",
              "timedOut": null,
              "duration": 3091,
              "state": "passed",
              "speed": "fast",
              "pass": true,
              "fail": false,
              "pending": false,
              "context": null,
              "code": "//first page\nlogin.visit();\nlogin.enterEmail('Invalidmuhammadanish201111@gmail.com');\nlogin.enterPassword('Invalid12345asdf678');\nlogin.clickLogin();\n//second page\n// signupdetails.verifyHeader('Enter Account Information');//assertion\nlogin.verifyInvalidCredentials('AutomationExercise', 'Logout');",
              "err": {},
              "uuid": "af8b39ca-04b9-4bfd-b319-a925aead2cee",
              "parentUUID": "96694976-2080-4773-b7cd-d1e4d6c6918e",
              "isHook": false,
              "skipped": false
            }
          ],
          "suites": [],
          "passes": [
            "df132ce4-2549-43e9-8dff-c11df60cfa7d",
            "af8b39ca-04b9-4bfd-b319-a925aead2cee"
          ],
          "failures": [],
          "pending": [],
          "skipped": [],
          "duration": 13931,
          "root": false,
          "rootEmpty": false,
          "_timeout": 2000
        }
      ],
      "passes": [],
      "failures": [],
      "pending": [],
      "skipped": [],
      "duration": 0,
      "root": true,
      "rootEmpty": true,
      "_timeout": 2000
    }
  ],
  "meta": {
    "mocha": {
      "version": "7.2.0"
    },
    "mochawesome": {
      "options": {
        "quiet": false,
        "reportFilename": "mochawesome",
        "saveHtml": true,
        "saveJson": true,
        "consoleReporter": "spec",
        "useInlineDiffs": false,
        "code": true
      },
      "version": "7.1.3"
    },
    "marge": {
      "options": {
        "reportDir": "cypress/reports",
        "overwrite": true,
        "html": true,
        "json": true
      },
      "version": "6.2.0"
    }
  }
}