{
  "stats": {
    "suites": 1,
    "tests": 2,
    "passes": 2,
    "pending": 0,
    "failures": 0,
    "start": "2025-08-15T10:44:43.150Z",
    "end": "2025-08-15T10:44:56.471Z",
    "duration": 13321,
    "testsRegistered": 2,
    "passPercent": 100,
    "pendingPercent": 0,
    "other": 0,
    "hasOther": false,
    "skipped": 0,
    "hasSkipped": false
  },
  "results": [
    {
      "uuid": "2788e529-ba23-4734-935a-0dabe6e29f46",
      "title": "",
      "fullFile": "cypress\\e2e\\component\\UploadDownload.cy.js",
      "file": "cypress\\e2e\\component\\UploadDownload.cy.js",
      "beforeHooks": [],
      "afterHooks": [],
      "tests": [],
      "suites": [
        {
          "uuid": "8ee1aa91-f458-4718-bdc7-4599b9fe1a0d",
          "title": "DemoQA Upload & Download",
          "fullFile": "",
          "file": "",
          "beforeHooks": [],
          "afterHooks": [],
          "tests": [
            {
              "title": "uploads a file successfully",
              "fullTitle": "DemoQA Upload & Download uploads a file successfully",
              "timedOut": null,
              "duration": 9661,
              "state": "passed",
              "speed": "medium",
              "pass": true,
              "fail": false,
              "pending": false,
              "context": null,
              "code": "// Upload the file\ncy.get('input#uploadFile').attachFile(testFile);\n// Verify the displayed uploaded path includes filename\ncy.get('#uploadedFilePath').should('be.visible').and('contain.text', testFile);",
              "err": {},
              "uuid": "ec3bec18-ec5e-4f2a-8fe4-c5e11c3cfaf6",
              "parentUUID": "8ee1aa91-f458-4718-bdc7-4599b9fe1a0d",
              "isHook": false,
              "skipped": false
            },
            {
              "title": "downloads the file successfully",
              "fullTitle": "DemoQA Upload & Download downloads the file successfully",
              "timedOut": null,
              "duration": 1204,
              "state": "passed",
              "speed": "fast",
              "pass": true,
              "fail": false,
              "pending": false,
              "context": null,
              "code": "// Intercept the download request\ncy.intercept('GET', '**/download?*').as('fileDownload');\n// Click download\ncy.get('#downloadButton').click();\n// Wait for the request\n// cy.wait('@fileDownload').its('response.statusCode').should('eq', 200);\n// Confirm the file is downloaded locally\nconst downloadsFolder = Cypress.config('downloadsFolder');\nconst testFile = 'sampleFile.jpeg';\ncy.readFile(`${downloadsFolder}/${testFile}`, null, {\n  timeout: 15000\n}).should(buffer => {\n  expect(buffer.length).to.be.gt(0);\n});",
              "err": {},
              "uuid": "d920e859-43c4-41a0-8f14-0377320ae0df",
              "parentUUID": "8ee1aa91-f458-4718-bdc7-4599b9fe1a0d",
              "isHook": false,
              "skipped": false
            }
          ],
          "suites": [],
          "passes": [
            "ec3bec18-ec5e-4f2a-8fe4-c5e11c3cfaf6",
            "d920e859-43c4-41a0-8f14-0377320ae0df"
          ],
          "failures": [],
          "pending": [],
          "skipped": [],
          "duration": 10865,
          "root": false,
          "rootEmpty": false,
          "_timeout": 2000
        }
      ],
      "passes": [],
      "failures": [],
      "pending": [],
      "skipped": [],
      "duration": 0,
      "root": true,
      "rootEmpty": true,
      "_timeout": 2000
    }
  ],
  "meta": {
    "mocha": {
      "version": "7.2.0"
    },
    "mochawesome": {
      "options": {
        "quiet": false,
        "reportFilename": "mochawesome",
        "saveHtml": true,
        "saveJson": true,
        "consoleReporter": "spec",
        "useInlineDiffs": false,
        "code": true
      },
      "version": "7.1.3"
    },
    "marge": {
      "options": {
        "reportDir": "cypress/reports",
        "overwrite": false,
        "html": true,
        "json": true,
        "embeddedScreenshots": true
      },
      "version": "6.2.0"
    }
  }
}