{
  "stats": {
    "suites": 1,
    "tests": 2,
    "passes": 2,
    "pending": 0,
    "failures": 0,
    "start": "2025-08-15T10:43:55.690Z",
    "end": "2025-08-15T10:44:08.415Z",
    "duration": 12725,
    "testsRegistered": 2,
    "passPercent": 100,
    "pendingPercent": 0,
    "other": 0,
    "hasOther": false,
    "skipped": 0,
    "hasSkipped": false
  },
  "results": [
    {
      "uuid": "aabff02b-77aa-43e1-b15f-59f3400b2338",
      "title": "",
      "fullFile": "cypress\\e2e\\component\\TablesPagination.cy.js",
      "file": "cypress\\e2e\\component\\TablesPagination.cy.js",
      "beforeHooks": [],
      "afterHooks": [],
      "tests": [],
      "suites": [
        {
          "uuid": "30d681cf-21fb-412b-92fc-e3f5f4f10cfa",
          "title": "Pagination Test",
          "fullFile": "",
          "file": "",
          "beforeHooks": [],
          "afterHooks": [],
          "tests": [
            {
              "title": "filters records by name",
              "fullTitle": "Pagination Test filters records by name",
              "timedOut": null,
              "duration": 5716,
              "state": "passed",
              "speed": "medium",
              "pass": true,
              "fail": false,
              "pending": false,
              "context": null,
              "code": "cy.get('input[type=\"search\"]').type('Tokyo');\ncy.get('#example tbody tr').each($row => {\n  cy.wrap($row).should('contain.text', 'Tokyo');\n});",
              "err": {},
              "uuid": "79f4bb5f-ee25-4576-bb74-fb8127907b94",
              "parentUUID": "30d681cf-21fb-412b-92fc-e3f5f4f10cfa",
              "isHook": false,
              "skipped": false
            },
            {
              "title": "changes page length to 25",
              "fullTitle": "Pagination Test changes page length to 25",
              "timedOut": null,
              "duration": 2542,
              "state": "passed",
              "speed": "fast",
              "pass": true,
              "fail": false,
              "pending": false,
              "context": null,
              "code": "cy.get('#dt-length-0').select('25');\ncy.get('#example tbody tr').should('have.length', 25);",
              "err": {},
              "uuid": "52e6628a-2f63-4228-8b50-c11acf4643f0",
              "parentUUID": "30d681cf-21fb-412b-92fc-e3f5f4f10cfa",
              "isHook": false,
              "skipped": false
            }
          ],
          "suites": [],
          "passes": [
            "79f4bb5f-ee25-4576-bb74-fb8127907b94",
            "52e6628a-2f63-4228-8b50-c11acf4643f0"
          ],
          "failures": [],
          "pending": [],
          "skipped": [],
          "duration": 8258,
          "root": false,
          "rootEmpty": false,
          "_timeout": 2000
        }
      ],
      "passes": [],
      "failures": [],
      "pending": [],
      "skipped": [],
      "duration": 0,
      "root": true,
      "rootEmpty": true,
      "_timeout": 2000
    }
  ],
  "meta": {
    "mocha": {
      "version": "7.2.0"
    },
    "mochawesome": {
      "options": {
        "quiet": false,
        "reportFilename": "mochawesome",
        "saveHtml": true,
        "saveJson": true,
        "consoleReporter": "spec",
        "useInlineDiffs": false,
        "code": true
      },
      "version": "7.1.3"
    },
    "marge": {
      "options": {
        "reportDir": "cypress/reports",
        "overwrite": false,
        "html": true,
        "json": true,
        "embeddedScreenshots": true
      },
      "version": "6.2.0"
    }
  }
}