{
  "stats": {
    "suites": 1,
    "tests": 1,
    "passes": 1,
    "pending": 0,
    "failures": 0,
    "start": "2025-08-15T10:43:14.842Z",
    "end": "2025-08-15T10:43:31.215Z",
    "duration": 16373,
    "testsRegistered": 1,
    "passPercent": 100,
    "pendingPercent": 0,
    "other": 0,
    "hasOther": false,
    "skipped": 0,
    "hasSkipped": false
  },
  "results": [
    {
      "uuid": "3e5f18e7-b3fb-42cf-b990-b91c414098de",
      "title": "",
      "fullFile": "cypress\\e2e\\component\\Products.cy.js",
      "file": "cypress\\e2e\\component\\Products.cy.js",
      "beforeHooks": [],
      "afterHooks": [],
      "tests": [],
      "suites": [
        {
          "uuid": "1f12b92c-cfc9-43da-b7a3-d7aaad119196",
          "title": "Products page Tests",
          "fullFile": "",
          "file": "",
          "beforeHooks": [],
          "afterHooks": [],
          "tests": [
            {
              "title": "Add multiple products to cart and verify in cart page",
              "fullTitle": "Products page Tests Add multiple products to cart and verify in cart page",
              "timedOut": null,
              "duration": 12372,
              "state": "passed",
              "speed": "slow",
              "pass": true,
              "fail": false,
              "pending": false,
              "context": null,
              "code": "cy.LoginFunc();\n// Go to products page\ncy.get(\"a[href='/products']\").click();\n// Store product details here\nlet productDetails = [];\n// Select first 3 products (you can change the .slice(0,3) to more)\ncy.get(\".col-sm-4\").each(($el, index) => {\n  if (index > 0 && index <= 3) {\n    // Skip first if it's banner, take 3 items\n    const productName = $el.find(\"p\").first().text().trim();\n    const price = $el.find(\"h2\").first().text().trim();\n    productDetails.push({\n      name: productName,\n      price: price\n    });\n    // Add to cart\n    cy.wrap($el).find(\"a.add-to-cart:visible\").first().click({\n      force: true\n    });\n    // Close modal if visible\n    cy.get(\".modal\").then($modal => {\n      if ($modal.is(\":visible\")) {\n        cy.contains(\"Continue Shopping\").click();\n      }\n    });\n  }\n}).then(() => {\n  // Go to Cart\n  cy.get(\"a[href='/view_cart']\").first().click({\n    force: true\n  });\n  cy.log(productDetails);\n  // Verify each product in cart\n  productDetails.forEach(product => {\n    cy.get(\".cart_description\").should(\"contain.text\", product.name);\n    cy.get(\".cart_price\").should(\"contain.text\", product.price);\n  });\n  // Verify quantity of each is 1\n  cy.get(\".cart_quantity .disabled\").each($qty => {\n    cy.wrap($qty).invoke('text').then(text => {\n      const qtyValue = parseInt(text.trim(), 10);\n      expect(qtyValue).to.be.greaterThan(0);\n    });\n  });\n});",
              "err": {},
              "uuid": "17ed8943-03e9-4fbf-984d-b5b168f26525",
              "parentUUID": "1f12b92c-cfc9-43da-b7a3-d7aaad119196",
              "isHook": false,
              "skipped": false
            }
          ],
          "suites": [],
          "passes": [
            "17ed8943-03e9-4fbf-984d-b5b168f26525"
          ],
          "failures": [],
          "pending": [],
          "skipped": [],
          "duration": 12372,
          "root": false,
          "rootEmpty": false,
          "_timeout": 2000
        }
      ],
      "passes": [],
      "failures": [],
      "pending": [],
      "skipped": [],
      "duration": 0,
      "root": true,
      "rootEmpty": true,
      "_timeout": 2000
    }
  ],
  "meta": {
    "mocha": {
      "version": "7.2.0"
    },
    "mochawesome": {
      "options": {
        "quiet": false,
        "reportFilename": "mochawesome",
        "saveHtml": true,
        "saveJson": true,
        "consoleReporter": "spec",
        "useInlineDiffs": false,
        "code": true
      },
      "version": "7.1.3"
    },
    "marge": {
      "options": {
        "reportDir": "cypress/reports",
        "overwrite": false,
        "html": true,
        "json": true,
        "embeddedScreenshots": true
      },
      "version": "6.2.0"
    }
  }
}