{
  "stats": {
    "suites": 1,
    "tests": 2,
    "passes": 2,
    "pending": 0,
    "failures": 0,
    "start": "2025-08-15T10:41:01.719Z",
    "end": "2025-08-15T10:41:22.803Z",
    "duration": 21084,
    "testsRegistered": 2,
    "passPercent": 100,
    "pendingPercent": 0,
    "other": 0,
    "hasOther": false,
    "skipped": 0,
    "hasSkipped": false
  },
  "results": [
    {
      "uuid": "1819f015-69f7-4e2f-b2cb-7eca3d53f730",
      "title": "",
      "fullFile": "cypress\\e2e\\component\\Alert.cy.js",
      "file": "cypress\\e2e\\component\\Alert.cy.js",
      "beforeHooks": [],
      "afterHooks": [],
      "tests": [],
      "suites": [
        {
          "uuid": "bfafe69e-8ceb-42fa-a14b-83b673afb2a3",
          "title": "DemoQA Alerts handling",
          "fullFile": "",
          "file": "",
          "beforeHooks": [],
          "afterHooks": [],
          "tests": [
            {
              "title": "waits for alert and asserts its text",
              "fullTitle": "DemoQA Alerts handling waits for alert and asserts its text",
              "timedOut": null,
              "duration": 15607,
              "state": "passed",
              "speed": "slow",
              "pass": true,
              "fail": false,
              "pending": false,
              "context": null,
              "code": "// Listen for window:alert\ncy.window().then(win => {\n  cy.stub(win, 'alert').as('alertStub');\n});\n// Click button to trigger alert after 5 seconds\ncy.get('#timerAlertButton').click();\n// Wait for 6 seconds to ensure alert is triggered\ncy.wait(6000);\n// Assert alert was called with expected text\ncy.get('@alertStub').should('have.been.calledOnceWith', 'This alert appeared after 5 seconds');",
              "err": {},
              "uuid": "9d2373ff-6e2a-462d-bdec-d81df43a8792",
              "parentUUID": "bfafe69e-8ceb-42fa-a14b-83b673afb2a3",
              "isHook": false,
              "skipped": false
            },
            {
              "title": "handles immediate alert",
              "fullTitle": "DemoQA Alerts handling handles immediate alert",
              "timedOut": null,
              "duration": 1356,
              "state": "passed",
              "speed": "fast",
              "pass": true,
              "fail": false,
              "pending": false,
              "context": null,
              "code": "cy.window().then(win => {\n  cy.stub(win, 'alert').as('alertStub');\n});\ncy.get('#alertButton').click();\ncy.get('@alertStub').should('have.been.calledOnceWith', 'You clicked a button');",
              "err": {},
              "uuid": "dee41c0d-ef05-4692-8974-e2a3a413cb2c",
              "parentUUID": "bfafe69e-8ceb-42fa-a14b-83b673afb2a3",
              "isHook": false,
              "skipped": false
            }
          ],
          "suites": [],
          "passes": [
            "9d2373ff-6e2a-462d-bdec-d81df43a8792",
            "dee41c0d-ef05-4692-8974-e2a3a413cb2c"
          ],
          "failures": [],
          "pending": [],
          "skipped": [],
          "duration": 16963,
          "root": false,
          "rootEmpty": false,
          "_timeout": 2000
        }
      ],
      "passes": [],
      "failures": [],
      "pending": [],
      "skipped": [],
      "duration": 0,
      "root": true,
      "rootEmpty": true,
      "_timeout": 2000
    }
  ],
  "meta": {
    "mocha": {
      "version": "7.2.0"
    },
    "mochawesome": {
      "options": {
        "quiet": false,
        "reportFilename": "mochawesome",
        "saveHtml": true,
        "saveJson": true,
        "consoleReporter": "spec",
        "useInlineDiffs": false,
        "code": true
      },
      "version": "7.1.3"
    },
    "marge": {
      "options": {
        "reportDir": "cypress/reports",
        "overwrite": false,
        "html": true,
        "json": true,
        "embeddedScreenshots": true
      },
      "version": "6.2.0"
    }
  }
}