{
  "stats": {
    "suites": 1,
    "tests": 1,
    "passes": 0,
    "pending": 0,
    "failures": 1,
    "start": "2025-08-15T10:45:17.447Z",
    "end": "2025-08-15T10:45:17.912Z",
    "duration": 465,
    "testsRegistered": 5,
    "passPercent": 0,
    "pendingPercent": 0,
    "other": 0,
    "hasOther": false,
    "skipped": 4,
    "hasSkipped": true
  },
  "results": [
    {
      "uuid": "981be94a-10df-4366-ba41-563846cac7fb",
      "title": "",
      "fullFile": "cypress\\e2e\\component\\intercept_examples.cy.js",
      "file": "cypress\\e2e\\component\\intercept_examples.cy.js",
      "beforeHooks": [],
      "afterHooks": [],
      "tests": [],
      "suites": [
        {
          "uuid": "fe80f7b7-c8d1-4d69-ab59-ddab768b01d9",
          "title": "cy.intercept() Playground",
          "fullFile": "",
          "file": "",
          "beforeHooks": [],
          "afterHooks": [],
          "tests": [
            {
              "title": "1️⃣ Simple Success Response",
              "fullTitle": "cy.intercept() Playground 1️⃣ Simple Success Response",
              "timedOut": null,
              "duration": 362,
              "state": "failed",
              "speed": null,
              "pass": false,
              "fail": true,
              "pending": false,
              "context": null,
              "code": "cy.intercept('GET', '/api/products?page=1', {\n  fixture: 'products.json'\n}).as('getProducts');\ncy.reload();\ncy.wait('@getProducts');\ncy.get('.product-item').should('have.length', 3);",
              "err": {
                "message": "CypressError: `cy.visit()` failed trying to load:\n\nhttps://dummyjson.com/products/1/cypress/fixtures/testpage.html\n\nThe response we received from your web server was:\n\n  > 404: Not Found\n\nThis was considered a failure because the status code was not `2xx`.\n\nIf you do not want status codes to cause failures pass the option: `failOnStatusCode: false`\n\nBecause this error occurred during a `before each` hook we are skipping the remaining tests in the current suite: `cy.intercept() Playground`",
                "estack": "CypressError: `cy.visit()` failed trying to load:\n\nhttps://dummyjson.com/products/1/cypress/fixtures/testpage.html\n\nThe response we received from your web server was:\n\n  > 404: Not Found\n\nThis was considered a failure because the status code was not `2xx`.\n\nIf you do not want status codes to cause failures pass the option: `failOnStatusCode: false`\n\nBecause this error occurred during a `before each` hook we are skipping the remaining tests in the current suite: `cy.intercept() Playground`\n    at <unknown> (https://dummyjson.com/__cypress/runner/cypress_runner.js:135043:76)\n    at visitFailedByErr (https://dummyjson.com/__cypress/runner/cypress_runner.js:134449:12)\n    at <unknown> (https://dummyjson.com/__cypress/runner/cypress_runner.js:135026:13)\n    at tryCatcher (https://dummyjson.com/__cypress/runner/cypress_runner.js:1777:23)\n    at Promise._settlePromiseFromHandler (https://dummyjson.com/__cypress/runner/cypress_runner.js:1489:31)\n    at Promise._settlePromise (https://dummyjson.com/__cypress/runner/cypress_runner.js:1546:18)\n    at Promise._settlePromise0 (https://dummyjson.com/__cypress/runner/cypress_runner.js:1591:10)\n    at Promise._settlePromises (https://dummyjson.com/__cypress/runner/cypress_runner.js:1667:18)\n    at _drainQueueStep (https://dummyjson.com/__cypress/runner/cypress_runner.js:2377:12)\n    at _drainQueue (https://dummyjson.com/__cypress/runner/cypress_runner.js:2370:9)\n    at Async._drainQueues (https://dummyjson.com/__cypress/runner/cypress_runner.js:2386:5)\n    at Async.drainQueues (https://dummyjson.com/__cypress/runner/cypress_runner.js:2256:14)\nFrom Your Spec Code:\n    at Context.eval (webpack://cypress_ui_automation/./cypress/e2e/component/intercept_examples.cy.js:5:7)",
                "diff": null
              },
              "uuid": "af2ba6b9-9027-4fc6-a409-e0c0578919a9",
              "parentUUID": "fe80f7b7-c8d1-4d69-ab59-ddab768b01d9",
              "isHook": false,
              "skipped": false
            },
            {
              "title": "2️⃣ Fake an Error",
              "fullTitle": "cy.intercept() Playground 2️⃣ Fake an Error",
              "timedOut": null,
              "duration": 0,
              "state": "skipped",
              "speed": null,
              "pass": false,
              "fail": false,
              "pending": false,
              "context": null,
              "code": "cy.intercept('GET', '/api/products?page=1', {\n  statusCode: 500,\n  body: {\n    message: 'Server error'\n  }\n}).as('getProductsError');\ncy.reload();\ncy.wait('@getProductsError');\ncy.get('.error-message').should('contain', 'Server error');",
              "err": {},
              "uuid": "a8e13a10-12a9-4202-8a5d-60a7a4e52053",
              "parentUUID": "fe80f7b7-c8d1-4d69-ab59-ddab768b01d9",
              "isHook": false,
              "skipped": true
            },
            {
              "title": "3️⃣ Delay the Response",
              "fullTitle": "cy.intercept() Playground 3️⃣ Delay the Response",
              "timedOut": null,
              "duration": 0,
              "state": "skipped",
              "speed": null,
              "pass": false,
              "fail": false,
              "pending": false,
              "context": null,
              "code": "cy.intercept('GET', '/api/products?page=1', {\n  delay: 1000,\n  fixture: 'products.json'\n}).as('getProducts');\ncy.reload();\ncy.get('.loading-spinner').should('be.visible');\ncy.wait('@getProducts');\ncy.get('.product-item').should('exist');",
              "err": {},
              "uuid": "14df7180-b5f9-4440-9f27-e27a1d455d23",
              "parentUUID": "fe80f7b7-c8d1-4d69-ab59-ddab768b01d9",
              "isHook": false,
              "skipped": true
            },
            {
              "title": "4️⃣ Check Request Body (POST)",
              "fullTitle": "cy.intercept() Playground 4️⃣ Check Request Body (POST)",
              "timedOut": null,
              "duration": 0,
              "state": "skipped",
              "speed": null,
              "pass": false,
              "fail": false,
              "pending": false,
              "context": null,
              "code": "cy.intercept('POST', '/api/users', req => {\n  expect(req.body.name).to.eq('John Doe');\n  req.reply({\n    id: 101,\n    name: 'John Doe'\n  });\n}).as('createUser');\ncy.get('#name-input').type('John Doe');\ncy.get('#submit-btn').click();\ncy.wait('@createUser');\ncy.get('.user-item').should('contain', 'John Doe');",
              "err": {},
              "uuid": "c05bbd77-3e7b-4c93-9eb0-7e0734aee346",
              "parentUUID": "fe80f7b7-c8d1-4d69-ab59-ddab768b01d9",
              "isHook": false,
              "skipped": true
            },
            {
              "title": "5️⃣ Pagination with Different Responses",
              "fullTitle": "cy.intercept() Playground 5️⃣ Pagination with Different Responses",
              "timedOut": null,
              "duration": 0,
              "state": "skipped",
              "speed": null,
              "pass": false,
              "fail": false,
              "pending": false,
              "context": null,
              "code": "cy.intercept('GET', '/api/products?page=1', {\n  fixture: 'page1.json'\n}).as('page1');\ncy.intercept('GET', '/api/products?page=2', {\n  fixture: 'page2.json'\n}).as('page2');\ncy.reload();\ncy.wait('@page1');\ncy.get('.next-page-btn').click();\ncy.wait('@page2');\ncy.get('.product-item').should('have.length', 2);",
              "err": {},
              "uuid": "5b8f1989-4942-4258-aa9a-9b6801bc9ea4",
              "parentUUID": "fe80f7b7-c8d1-4d69-ab59-ddab768b01d9",
              "isHook": false,
              "skipped": true
            }
          ],
          "suites": [],
          "passes": [],
          "failures": [
            "af2ba6b9-9027-4fc6-a409-e0c0578919a9"
          ],
          "pending": [],
          "skipped": [
            "a8e13a10-12a9-4202-8a5d-60a7a4e52053",
            "14df7180-b5f9-4440-9f27-e27a1d455d23",
            "c05bbd77-3e7b-4c93-9eb0-7e0734aee346",
            "5b8f1989-4942-4258-aa9a-9b6801bc9ea4"
          ],
          "duration": 362,
          "root": false,
          "rootEmpty": false,
          "_timeout": 2000
        }
      ],
      "passes": [],
      "failures": [],
      "pending": [],
      "skipped": [],
      "duration": 0,
      "root": true,
      "rootEmpty": true,
      "_timeout": 2000
    }
  ],
  "meta": {
    "mocha": {
      "version": "7.2.0"
    },
    "mochawesome": {
      "options": {
        "quiet": false,
        "reportFilename": "mochawesome",
        "saveHtml": true,
        "saveJson": true,
        "consoleReporter": "spec",
        "useInlineDiffs": false,
        "code": true
      },
      "version": "7.1.3"
    },
    "marge": {
      "options": {
        "reportDir": "cypress/reports",
        "overwrite": false,
        "html": true,
        "json": true,
        "embeddedScreenshots": true
      },
      "version": "6.2.0"
    }
  }
}