{
  "stats": {
    "suites": 1,
    "tests": 2,
    "passes": 2,
    "pending": 0,
    "failures": 0,
    "start": "2025-09-09T17:53:10.285Z",
    "end": "2025-09-09T17:53:30.479Z",
    "duration": 20194,
    "testsRegistered": 2,
    "passPercent": 100,
    "pendingPercent": 0,
    "other": 0,
    "hasOther": false,
    "skipped": 0,
    "hasSkipped": false
  },
  "results": [
    {
      "uuid": "34dec8ac-eb48-47bd-89ca-285ef874723e",
      "title": "",
      "fullFile": "cypress\\e2e\\component\\Alert.cy.js",
      "file": "cypress\\e2e\\component\\Alert.cy.js",
      "beforeHooks": [],
      "afterHooks": [],
      "tests": [],
      "suites": [
        {
          "uuid": "9fb63254-5a03-41ba-8fbd-96b49afba83c",
          "title": "DemoQA Alerts handling",
          "fullFile": "",
          "file": "",
          "beforeHooks": [],
          "afterHooks": [],
          "tests": [
            {
              "title": "waits for alert and asserts its text",
              "fullTitle": "DemoQA Alerts handling waits for alert and asserts its text",
              "timedOut": null,
              "duration": 13561,
              "state": "passed",
              "speed": "slow",
              "pass": true,
              "fail": false,
              "pending": false,
              "context": null,
              "code": "AlertPage_1.default.stubAlert();\nAlertPage_1.default.timerAlertButton.click();\ncy.wait(6000);\ncy.get('@alertStub').should('have.been.calledOnceWith', 'This alert appeared after 5 seconds');",
              "err": {},
              "uuid": "4d2e2453-a1e1-492d-a319-1a2fbdc0bf09",
              "parentUUID": "9fb63254-5a03-41ba-8fbd-96b49afba83c",
              "isHook": false,
              "skipped": false
            },
            {
              "title": "handles immediate alert",
              "fullTitle": "DemoQA Alerts handling handles immediate alert",
              "timedOut": null,
              "duration": 1598,
              "state": "passed",
              "speed": "fast",
              "pass": true,
              "fail": false,
              "pending": false,
              "context": null,
              "code": "AlertPage_1.default.stubAlert();\nAlertPage_1.default.alertButton.click();\ncy.get('@alertStub').should('have.been.calledOnceWith', 'You clicked a button');",
              "err": {},
              "uuid": "c90ea1ae-1bad-4e8c-8e21-4adc6f23b669",
              "parentUUID": "9fb63254-5a03-41ba-8fbd-96b49afba83c",
              "isHook": false,
              "skipped": false
            }
          ],
          "suites": [],
          "passes": [
            "4d2e2453-a1e1-492d-a319-1a2fbdc0bf09",
            "c90ea1ae-1bad-4e8c-8e21-4adc6f23b669"
          ],
          "failures": [],
          "pending": [],
          "skipped": [],
          "duration": 15159,
          "root": false,
          "rootEmpty": false,
          "_timeout": 2000
        }
      ],
      "passes": [],
      "failures": [],
      "pending": [],
      "skipped": [],
      "duration": 0,
      "root": true,
      "rootEmpty": true,
      "_timeout": 2000
    }
  ],
  "meta": {
    "mocha": {
      "version": "7.2.0"
    },
    "mochawesome": {
      "options": {
        "quiet": false,
        "reportFilename": "mochawesome",
        "saveHtml": true,
        "saveJson": true,
        "consoleReporter": "spec",
        "useInlineDiffs": false,
        "code": true
      },
      "version": "7.1.3"
    },
    "marge": {
      "options": {
        "reportDir": "cypress/reports",
        "overwrite": true,
        "html": true,
        "json": true
      },
      "version": "6.2.0"
    }
  }
}