{
  "stats": {
    "suites": 1,
    "tests": 2,
    "passes": 2,
    "pending": 0,
    "failures": 0,
    "start": "2025-08-15T10:42:55.052Z",
    "end": "2025-08-15T10:43:12.043Z",
    "duration": 16991,
    "testsRegistered": 2,
    "passPercent": 100,
    "pendingPercent": 0,
    "other": 0,
    "hasOther": false,
    "skipped": 0,
    "hasSkipped": false
  },
  "results": [
    {
      "uuid": "187e7d0c-ac33-4736-9dbd-39535596bbd0",
      "title": "",
      "fullFile": "cypress\\e2e\\component\\Login.cy.js",
      "file": "cypress\\e2e\\component\\Login.cy.js",
      "beforeHooks": [],
      "afterHooks": [],
      "tests": [],
      "suites": [
        {
          "uuid": "4bd13d14-24da-47ac-b9f8-754c1e16a07e",
          "title": "Login",
          "fullFile": "",
          "file": "",
          "beforeHooks": [],
          "afterHooks": [],
          "tests": [
            {
              "title": "Login with valid credentials",
              "fullTitle": "Login Login with valid credentials",
              "timedOut": null,
              "duration": 7703,
              "state": "passed",
              "speed": "medium",
              "pass": true,
              "fail": false,
              "pending": false,
              "context": null,
              "code": "//first page\nlogin.visit();\nlogin.enterEmail('muhammadanish201111@gmail.com');\nlogin.enterPassword('12345678');\nlogin.clickLogin();\n//second page\n// signupdetails.verifyHeader('Enter Account Information');//assertion\nlogin.verifyHeader('AutomationExercise');\nlogin.verifyLogoutLink('Logout');",
              "err": {},
              "uuid": "e814c9bc-6095-4d16-a7a5-75bd10a256de",
              "parentUUID": "4bd13d14-24da-47ac-b9f8-754c1e16a07e",
              "isHook": false,
              "skipped": false
            },
            {
              "title": "Login with invalid credentials",
              "fullTitle": "Login Login with invalid credentials",
              "timedOut": null,
              "duration": 3750,
              "state": "passed",
              "speed": "fast",
              "pass": true,
              "fail": false,
              "pending": false,
              "context": null,
              "code": "//first page\nlogin.visit();\nlogin.enterEmail('Invalidmuhammadanish201111@gmail.com');\nlogin.enterPassword('Invalid12345asdf678');\nlogin.clickLogin();\n//second page\n// signupdetails.verifyHeader('Enter Account Information');//assertion\nlogin.verifyInvalidCredentials('AutomationExercise', 'Logout');",
              "err": {},
              "uuid": "b96f45e9-0a02-425f-9c64-a23dc486f828",
              "parentUUID": "4bd13d14-24da-47ac-b9f8-754c1e16a07e",
              "isHook": false,
              "skipped": false
            }
          ],
          "suites": [],
          "passes": [
            "e814c9bc-6095-4d16-a7a5-75bd10a256de",
            "b96f45e9-0a02-425f-9c64-a23dc486f828"
          ],
          "failures": [],
          "pending": [],
          "skipped": [],
          "duration": 11453,
          "root": false,
          "rootEmpty": false,
          "_timeout": 2000
        }
      ],
      "passes": [],
      "failures": [],
      "pending": [],
      "skipped": [],
      "duration": 0,
      "root": true,
      "rootEmpty": true,
      "_timeout": 2000
    }
  ],
  "meta": {
    "mocha": {
      "version": "7.2.0"
    },
    "mochawesome": {
      "options": {
        "quiet": false,
        "reportFilename": "mochawesome",
        "saveHtml": true,
        "saveJson": true,
        "consoleReporter": "spec",
        "useInlineDiffs": false,
        "code": true
      },
      "version": "7.1.3"
    },
    "marge": {
      "options": {
        "reportDir": "cypress/reports",
        "overwrite": false,
        "html": true,
        "json": true,
        "embeddedScreenshots": true
      },
      "version": "6.2.0"
    }
  }
}