{
  "stats": {
    "suites": 1,
    "tests": 1,
    "passes": 0,
    "pending": 0,
    "failures": 1,
    "start": "2025-08-15T10:45:14.243Z",
    "end": "2025-08-15T10:45:14.851Z",
    "duration": 608,
    "testsRegistered": 1,
    "passPercent": 0,
    "pendingPercent": 0,
    "other": 0,
    "hasOther": false,
    "skipped": 0,
    "hasSkipped": false
  },
  "results": [
    {
      "uuid": "469626a5-0ed5-451b-9ea3-729bbf44cbd0",
      "title": "",
      "fullFile": "cypress\\e2e\\component\\forceNetworkError.cy.js",
      "file": "cypress\\e2e\\component\\forceNetworkError.cy.js",
      "beforeHooks": [],
      "afterHooks": [],
      "tests": [],
      "suites": [
        {
          "uuid": "db2687ca-55a6-4435-95d2-d0701eeec423",
          "title": "GET Products - Network Failure",
          "fullFile": "",
          "file": "",
          "beforeHooks": [],
          "afterHooks": [],
          "tests": [
            {
              "title": "should handle network failure",
              "fullTitle": "GET Products - Network Failure should handle network failure",
              "timedOut": null,
              "duration": 528,
              "state": "failed",
              "speed": null,
              "pass": false,
              "fail": true,
              "pending": false,
              "context": null,
              "code": "// Intercept and force network error\n// cy.intercept('GET', 'https://dummyjson.com/products', {\n//   forceNetworkError: true\n// }).as('failedRequest');\n// Load the HTML fixture dynamically\ncy.visit('cypress/support/pages/network.html'); // relative path served by Cypress\n// Trigger the request by clicking the button\ncy.get('#loadProductsBtn').click();\n// Assert that Cypress saw the network failure\ncy.wait('@failedRequest').its('error').should('exist');\n// Assert that UI shows failure message\ncy.get('#productsList').should('contain.text', 'Failed to load products');",
              "err": {
                "message": "CypressError: `cy.visit()` failed trying to load:\n\nhttps://dummyjson.com/products/1/cypress/support/pages/network.html\n\nThe response we received from your web server was:\n\n  > 404: Not Found\n\nThis was considered a failure because the status code was not `2xx`.\n\nIf you do not want status codes to cause failures pass the option: `failOnStatusCode: false`",
                "estack": "CypressError: `cy.visit()` failed trying to load:\n\nhttps://dummyjson.com/products/1/cypress/support/pages/network.html\n\nThe response we received from your web server was:\n\n  > 404: Not Found\n\nThis was considered a failure because the status code was not `2xx`.\n\nIf you do not want status codes to cause failures pass the option: `failOnStatusCode: false`\n    at <unknown> (https://dummyjson.com/__cypress/runner/cypress_runner.js:135043:76)\n    at visitFailedByErr (https://dummyjson.com/__cypress/runner/cypress_runner.js:134449:12)\n    at <unknown> (https://dummyjson.com/__cypress/runner/cypress_runner.js:135026:13)\n    at tryCatcher (https://dummyjson.com/__cypress/runner/cypress_runner.js:1777:23)\n    at Promise._settlePromiseFromHandler (https://dummyjson.com/__cypress/runner/cypress_runner.js:1489:31)\n    at Promise._settlePromise (https://dummyjson.com/__cypress/runner/cypress_runner.js:1546:18)\n    at Promise._settlePromise0 (https://dummyjson.com/__cypress/runner/cypress_runner.js:1591:10)\n    at Promise._settlePromises (https://dummyjson.com/__cypress/runner/cypress_runner.js:1667:18)\n    at _drainQueueStep (https://dummyjson.com/__cypress/runner/cypress_runner.js:2377:12)\n    at _drainQueue (https://dummyjson.com/__cypress/runner/cypress_runner.js:2370:9)\n    at Async._drainQueues (https://dummyjson.com/__cypress/runner/cypress_runner.js:2386:5)\n    at Async.drainQueues (https://dummyjson.com/__cypress/runner/cypress_runner.js:2256:14)\nFrom Your Spec Code:\n    at Context.eval (webpack://cypress_ui_automation/./cypress/e2e/component/forceNetworkError.cy.js:9:7)",
                "diff": null
              },
              "uuid": "21d0f0fa-c659-4acc-901c-dd2f0e91ad0b",
              "parentUUID": "db2687ca-55a6-4435-95d2-d0701eeec423",
              "isHook": false,
              "skipped": false
            }
          ],
          "suites": [],
          "passes": [],
          "failures": [
            "21d0f0fa-c659-4acc-901c-dd2f0e91ad0b"
          ],
          "pending": [],
          "skipped": [],
          "duration": 528,
          "root": false,
          "rootEmpty": false,
          "_timeout": 2000
        }
      ],
      "passes": [],
      "failures": [],
      "pending": [],
      "skipped": [],
      "duration": 0,
      "root": true,
      "rootEmpty": true,
      "_timeout": 2000
    }
  ],
  "meta": {
    "mocha": {
      "version": "7.2.0"
    },
    "mochawesome": {
      "options": {
        "quiet": false,
        "reportFilename": "mochawesome",
        "saveHtml": true,
        "saveJson": true,
        "consoleReporter": "spec",
        "useInlineDiffs": false,
        "code": true
      },
      "version": "7.1.3"
    },
    "marge": {
      "options": {
        "reportDir": "cypress/reports",
        "overwrite": false,
        "html": true,
        "json": true,
        "embeddedScreenshots": true
      },
      "version": "6.2.0"
    }
  }
}