{
  "stats": {
    "suites": 1,
    "tests": 3,
    "passes": 3,
    "pending": 0,
    "failures": 0,
    "start": "2025-08-15T10:45:20.753Z",
    "end": "2025-08-15T10:45:58.189Z",
    "duration": 37436,
    "testsRegistered": 3,
    "passPercent": 100,
    "pendingPercent": 0,
    "other": 0,
    "hasOther": false,
    "skipped": 0,
    "hasSkipped": false
  },
  "results": [
    {
      "uuid": "28cc3c87-d727-4e8a-b0ef-a66cf7168940",
      "title": "",
      "fullFile": "cypress\\e2e\\component\\signup.cy.js",
      "file": "cypress\\e2e\\component\\signup.cy.js",
      "beforeHooks": [],
      "afterHooks": [],
      "tests": [],
      "suites": [
        {
          "uuid": "16f1e458-92b5-4fa9-9b37-ba5f5bc1530a",
          "title": "Registration",
          "fullFile": "",
          "file": "",
          "beforeHooks": [],
          "afterHooks": [],
          "tests": [
            {
              "title": "Signup with valid credentials",
              "fullTitle": "Registration Signup with valid credentials",
              "timedOut": null,
              "duration": 12416,
              "state": "passed",
              "speed": "slow",
              "pass": true,
              "fail": false,
              "pending": false,
              "context": null,
              "code": "//first page\nregister.visit();\nregister.enterUsername(name);\nregister.enterEmail(email);\nregister.clickSignUp();\n//second page\nsignupdetails.verifyHeader('Enter Account Information'); //assertion\nsignupdetails.selectTitle('Mr');\nsignupdetails.enterPassword(\"12345678\");\nsignupdetails.selectDOB('13', 'December', '1987');\nsignupdetails.checkNewsletter();\nsignupdetails.checkOffers();\nsignupAddress.fillAddressDetails(addressDetails);\nsignupAddress.clickCreateAccount();\nsignupdetails.verifyUrl('/account_created');\nsignupdetails.verifyHeader('Account Created!');",
              "err": {},
              "uuid": "b8af6179-cff9-402e-aabc-b760a9f86d5b",
              "parentUUID": "16f1e458-92b5-4fa9-9b37-ba5f5bc1530a",
              "isHook": false,
              "skipped": false
            },
            {
              "title": "Signup with invalid credentials",
              "fullTitle": "Registration Signup with invalid credentials",
              "timedOut": null,
              "duration": 2752,
              "state": "passed",
              "speed": "fast",
              "pass": true,
              "fail": false,
              "pending": false,
              "context": null,
              "code": "const invalidEmail = `${name}email.com`;\nregister.visit();\nregister.enterUsername(name);\nregister.enterEmail(invalidEmail);\nregister.clickSignUp();\ncy.get('[data-qa=\"signup-email\"]').then($input => {\n  expect($input[0].checkValidity()).to.be.false;\n});\ncy.get('[data-qa=\"signup-email\"]').then($input => {\n  cy.log($input[0].validationMessage);\n});",
              "err": {},
              "uuid": "f514fae0-039f-41aa-8840-3f3d45ed673e",
              "parentUUID": "16f1e458-92b5-4fa9-9b37-ba5f5bc1530a",
              "isHook": false,
              "skipped": false
            },
            {
              "title": "Duplicate email registration",
              "fullTitle": "Registration Duplicate email registration",
              "timedOut": null,
              "duration": 17975,
              "state": "passed",
              "speed": "slow",
              "pass": true,
              "fail": false,
              "pending": false,
              "context": null,
              "code": "// first registration\nregister.visit();\nregister.enterUsername(name);\nregister.enterEmail(email);\nregister.clickSignUp();\nsignupdetails.verifyHeader('Enter Account Information'); //assertion\nsignupdetails.selectTitle('Mr');\nsignupdetails.enterPassword(\"12345678\");\nsignupdetails.selectDOB('13', 'December', '1987');\nsignupdetails.checkNewsletter();\nsignupdetails.checkOffers();\nsignupAddress.fillAddressDetails(addressDetails);\nsignupAddress.clickCreateAccount();\nsignupdetails.verifyUrl('/account_created');\nsignupdetails.verifyHeader('Account Created!');\nhomePagedetails.clickContinue();\nhomePagedetails.clickLogout();\n//second registration\nregister.enterUsername(name);\nregister.enterEmail(email);\nregister.clickSignUp();\ncy.contains('Email Address already exist!').should('be.visible');",
              "err": {},
              "uuid": "b4f84f6c-41df-47a0-9a1c-bab2a8a0a89d",
              "parentUUID": "16f1e458-92b5-4fa9-9b37-ba5f5bc1530a",
              "isHook": false,
              "skipped": false
            }
          ],
          "suites": [],
          "passes": [
            "b8af6179-cff9-402e-aabc-b760a9f86d5b",
            "f514fae0-039f-41aa-8840-3f3d45ed673e",
            "b4f84f6c-41df-47a0-9a1c-bab2a8a0a89d"
          ],
          "failures": [],
          "pending": [],
          "skipped": [],
          "duration": 33143,
          "root": false,
          "rootEmpty": false,
          "_timeout": 2000
        }
      ],
      "passes": [],
      "failures": [],
      "pending": [],
      "skipped": [],
      "duration": 0,
      "root": true,
      "rootEmpty": true,
      "_timeout": 2000
    }
  ],
  "meta": {
    "mocha": {
      "version": "7.2.0"
    },
    "mochawesome": {
      "options": {
        "quiet": false,
        "reportFilename": "mochawesome",
        "saveHtml": true,
        "saveJson": true,
        "consoleReporter": "spec",
        "useInlineDiffs": false,
        "code": true
      },
      "version": "7.1.3"
    },
    "marge": {
      "options": {
        "reportDir": "cypress/reports",
        "overwrite": false,
        "html": true,
        "json": true,
        "embeddedScreenshots": true
      },
      "version": "6.2.0"
    }
  }
}